01-06-2023 	 16:19:58	
    MongooseServerSelectionError	Could not connect to any servers in your MongoDB Atlas cluster. One common reason is that you're trying to access the database from an IP that isn't whitelisted. Make sure your current IP address is on your Atlas cluster's IP whitelist: https://docs.atlas.mongodb.com/security-whitelist/	GET	/api/cart/cart-histroy	http://localhost:3000
01-06-2023 	 14:19:38	
    TypeError	Cannot read properties of null (reading 'products')	POST	/api/order/order-place	http://localhost:3000
31-03-2023 	 15:38:39	
    Error	Cannot set headers after they are sent to the client	POST	/api/cart/add-to-cart	http://localhost:3000
31-03-2023 	 15:25:34	
    Error	Cannot set headers after they are sent to the client	POST	/api/cart/add-to-cart	http://localhost:3000
31-03-2023 	 14:47:17	
    Error	Cannot set headers after they are sent to the client	POST	/api/cart/add-to-cart	http://localhost:3000
31-03-2023 	 13:18:33	
    undefined	undefined	GET	/products	https://railway-mern-production-8dd2.up.railway.app
31-03-2023 	 13:18:33	
    undefined	undefined	OPTIONS	/products	https://railway-mern-production-8dd2.up.railway.app
31-03-2023 	 13:16:19	
    undefined	undefined	OPTIONS	/products	https://railway-mern-production-8dd2.up.railway.app
31-03-2023 	 13:16:09	
    undefined	undefined	GET	/products	https://railway-mern-production-8dd2.up.railway.app
31-03-2023 	 13:16:09	
    undefined	undefined	OPTIONS	/products	https://railway-mern-production-8dd2.up.railway.app
31-03-2023 	 13:16:02	
    undefined	undefined	OPTIONS	/products	https://railway-mern-production-8dd2.up.railway.app
31-03-2023 	 13:15:52	
    undefined	undefined	OPTIONS	/auth/user/login	https://railway-mern-production-8dd2.up.railway.app
31-03-2023 	 13:15:10	
    undefined	undefined	GET	/products	https://railway-mern-production-8dd2.up.railway.app
31-03-2023 	 13:15:10	
    undefined	undefined	OPTIONS	/products	https://railway-mern-production-8dd2.up.railway.app
31-03-2023 	 13:10:01	
    undefined	undefined	GET	/products	https://railway-mern-production-8dd2.up.railway.app
31-03-2023 	 13:10:01	
    undefined	undefined	OPTIONS	/products	https://railway-mern-production-8dd2.up.railway.app
31-03-2023 	 12:01:33	
    Error	Cannot set headers after they are sent to the client	POST	/api/cart/add-to-cart	http://localhost:3000
31-03-2023 	 12:00:09	
    Error	Cannot set headers after they are sent to the client	POST	/api/cart/add-to-cart	http://localhost:3000
31-03-2023 	 11:59:33	
    Error	Cannot set headers after they are sent to the client	POST	/api/cart/add-to-cart	http://localhost:3000
31-03-2023 	 08:46:04	
    Error	Cannot set headers after they are sent to the client	POST	/api/cart/add-to-cart	http://localhost:3000
31-03-2023 	 08:45:20	
    Error	Cannot set headers after they are sent to the client	POST	/api/cart/add-to-cart	undefined
31-03-2023 	 08:25:13	
    Error	Cannot set headers after they are sent to the client	POST	/api/cart/add-to-cart	http://localhost:3000
31-03-2023 	 08:15:42	
    ValidationError	cart validation failed: userId: Path `userId` is required.	POST	/api/cart/add-to-cart	http://localhost:3000
31-03-2023 	 07:43:50	
    ValidationError	cart validation failed: userId: Path `userId` is required.	POST	/api/cart/add-to-cart	undefined
31-03-2023 	 07:43:11	
    TokenExpiredError	jwt expired	POST	/api/cart/add-to-cart	undefined
30-03-2023 	 20:22:12	
    TokenExpiredError	jwt expired	GET	/api/cart/cart-histroy	http://localhost:3000
30-03-2023 	 20:22:12	
    TokenExpiredError	jwt expired	GET	/api/cart/cart-histroy	http://localhost:3000
30-03-2023 	 20:22:10	
    TokenExpiredError	jwt expired	POST	/api/cart/add-to-cart	http://localhost:3000
30-03-2023 	 20:22:08	
    TokenExpiredError	jwt expired	GET	/api/cart/cart-histroy	http://localhost:3000
30-03-2023 	 20:22:08	
    TokenExpiredError	jwt expired	GET	/api/cart/cart-histroy	http://localhost:3000
30-03-2023 	 20:22:02	
    TokenExpiredError	jwt expired	GET	/api/cart/cart-histroy	http://localhost:3000
30-03-2023 	 20:22:02	
    TokenExpiredError	jwt expired	GET	/api/cart/cart-histroy	http://localhost:3000
30-03-2023 	 20:22:00	
    TokenExpiredError	jwt expired	POST	/api/cart/add-to-cart	http://localhost:3000
30-03-2023 	 20:21:58	
    TokenExpiredError	jwt expired	GET	/api/cart/cart-histroy	http://localhost:3000
30-03-2023 	 20:21:58	
    TokenExpiredError	jwt expired	GET	/api/cart/cart-histroy	http://localhost:3000
30-03-2023 	 19:32:19	
    TokenExpiredError	jwt expired	GET	/api/cart/cart-histroy	http://localhost:3000
30-03-2023 	 19:32:19	
    TokenExpiredError	jwt expired	GET	/api/cart/cart-histroy	http://localhost:3000
24-03-2023 	 14:52:54	
    ValidationError	order validation failed: paymentMode: `CoD` is not a valid enum value for path `paymentMode`.	POST	/order/order-place	http://localhost:3000
24-03-2023 	 14:51:28	
    TypeError	Cannot read properties of null (reading 'products')	POST	/order/order-place	http://localhost:3000
24-03-2023 	 14:51:23	
    ValidationError	order validation failed: paymentMode: `CoD` is not a valid enum value for path `paymentMode`.	POST	/order/order-place	http://localhost:3000
24-03-2023 	 14:48:15	
    ValidationError	order validation failed: paymentMode: `CoD` is not a valid enum value for path `paymentMode`.	POST	/order/order-place	http://localhost:3000
23-03-2023 	 10:26:35	
    TokenExpiredError	jwt expired	GET	/cart/cart-histroy	http://localhost:3000
23-03-2023 	 10:26:35	
    TokenExpiredError	jwt expired	GET	/cart/cart-histroy	http://localhost:3000
23-03-2023 	 10:25:45	
    TokenExpiredError	jwt expired	GET	/cart/cart-histroy	http://localhost:3000
23-03-2023 	 10:22:03	
    TokenExpiredError	jwt expired	GET	/cart/cart-histroy	http://localhost:3000
23-03-2023 	 10:22:03	
    TokenExpiredError	jwt expired	GET	/cart/cart-histroy	http://localhost:3000
22-03-2023 	 21:21:11	
    TokenExpiredError	jwt expired	GET	/user/profile	http://localhost:3000
22-03-2023 	 21:21:11	
    TokenExpiredError	jwt expired	GET	/user/profile	http://localhost:3000
22-03-2023 	 21:21:03	
    TokenExpiredError	jwt expired	GET	/cart/cart-histroy	http://localhost:3000
22-03-2023 	 21:21:03	
    TokenExpiredError	jwt expired	GET	/cart/cart-histroy	http://localhost:3000
22-03-2023 	 21:20:59	
    TokenExpiredError	jwt expired	GET	/cart/cart-histroy	http://localhost:3000
22-03-2023 	 21:20:59	
    TokenExpiredError	jwt expired	GET	/cart/cart-histroy	http://localhost:3000
22-03-2023 	 21:19:37	
    TokenExpiredError	jwt expired	GET	/cart/cart-histroy	http://localhost:3000
